<?xml version="1.0" encoding="UTF-8"?>
<!-- Generated by org.testng.reporters.JUnitXMLReporter -->
<testsuite hostname="DESKTOP-3JGL9VF" ignored="0" name="Test Case 1" tests="1" failures="1" timestamp="2020-08-31T18:37:25 IST" time="0.122" errors="0">
  <testcase name="TestCase1" time="0.009" classname="project_Execution.Testcase1_Execution">
    <failure type="java.lang.NullPointerException">
      <![CDATA[java.lang.NullPointerException
at project_Execution.Testcase1_Execution.TestCase1(Testcase1_Execution.java:22)
at java.util.ArrayList.forEach(Unknown Source)
... Removed 27 stack frames]]>
    </failure>
  </testcase> <!-- TestCase1 -->
</testsuite> <!-- Test Case 1 -->
